<?xml version="1.0" encoding="UTF-8"?>
<testsuite name="org.ex.springboot.web.IndexControllerTest" tests="1" skipped="0" failures="0" errors="0" timestamp="2022-03-27T17:06:22" hostname="chanhos-MacBook-Pro.local" time="0.384">
  <properties/>
  <testcase name="mainPage_loading" classname="org.ex.springboot.web.IndexControllerTest" time="0.384"/>
  <system-out><![CDATA[2022-03-28 02:06:16.339  INFO 50470 --- [    Test worker] .b.t.c.SpringBootTestContextBootstrapper : Neither @ContextConfiguration nor @ContextHierarchy found for test class [org.ex.springboot.web.IndexControllerTest], using SpringBootContextLoader
2022-03-28 02:06:16.340  INFO 50470 --- [    Test worker] o.s.t.c.support.AbstractContextLoader    : Could not detect default resource locations for test class [org.ex.springboot.web.IndexControllerTest]: no resource found for suffixes {-context.xml, Context.groovy}.
2022-03-28 02:06:16.340  INFO 50470 --- [    Test worker] t.c.s.AnnotationConfigContextLoaderUtils : Could not detect default configuration classes for test class [org.ex.springboot.web.IndexControllerTest]: IndexControllerTest does not declare any static, non-private, non-final, nested classes annotated with @Configuration.
2022-03-28 02:06:16.346  INFO 50470 --- [    Test worker] .b.t.c.SpringBootTestContextBootstrapper : Found @SpringBootConfiguration org.ex.springboot.Application for test class org.ex.springboot.web.IndexControllerTest
2022-03-28 02:06:16.352  INFO 50470 --- [    Test worker] .b.t.c.SpringBootTestContextBootstrapper : Loaded default TestExecutionListener class names from location [META-INF/spring.factories]: [org.springframework.security.test.context.support.WithSecurityContextTestExecutionListener, org.springframework.security.test.context.support.ReactorContextTestExecutionListener, org.springframework.boot.test.autoconfigure.restdocs.RestDocsTestExecutionListener, org.springframework.boot.test.autoconfigure.web.client.MockRestServiceServerResetTestExecutionListener, org.springframework.boot.test.autoconfigure.web.servlet.MockMvcPrintOnlyOnFailureTestExecutionListener, org.springframework.boot.test.autoconfigure.web.servlet.WebDriverTestExecutionListener, org.springframework.boot.test.mock.mockito.MockitoTestExecutionListener, org.springframework.boot.test.mock.mockito.ResetMocksTestExecutionListener, org.springframework.test.context.web.ServletTestExecutionListener, org.springframework.test.context.support.DirtiesContextBeforeModesTestExecutionListener, org.springframework.test.context.support.DependencyInjectionTestExecutionListener, org.springframework.test.context.support.DirtiesContextTestExecutionListener, org.springframework.test.context.transaction.TransactionalTestExecutionListener, org.springframework.test.context.jdbc.SqlScriptsTestExecutionListener]
2022-03-28 02:06:16.352  INFO 50470 --- [    Test worker] .b.t.c.SpringBootTestContextBootstrapper : Using TestExecutionListeners: [org.springframework.test.context.web.ServletTestExecutionListener@21bc54b3, org.springframework.test.context.support.DirtiesContextBeforeModesTestExecutionListener@23af0a79, org.springframework.boot.test.mock.mockito.MockitoTestExecutionListener@36a39394, org.springframework.boot.test.autoconfigure.SpringBootDependencyInjectionTestExecutionListener@24f1de81, org.springframework.test.context.support.DirtiesContextTestExecutionListener@67ab0f60, org.springframework.test.context.transaction.TransactionalTestExecutionListener@3c0c3d2e, org.springframework.test.context.jdbc.SqlScriptsTestExecutionListener@16993608, org.springframework.security.test.context.support.WithSecurityContextTestExecutionListener@3c36f78c, org.springframework.security.test.context.support.ReactorContextTestExecutionListener@3d92f65, org.springframework.boot.test.autoconfigure.restdocs.RestDocsTestExecutionListener@5e61877d, org.springframework.boot.test.autoconfigure.web.client.MockRestServiceServerResetTestExecutionListener@117d3cf, org.springframework.boot.test.autoconfigure.web.servlet.MockMvcPrintOnlyOnFailureTestExecutionListener@a16cef6, org.springframework.boot.test.autoconfigure.web.servlet.WebDriverTestExecutionListener@407e7ad6, org.springframework.boot.test.mock.mockito.ResetMocksTestExecutionListener@127647cb]

  .   ____          _            __ _ _
 /\\ / ___'_ __ _ _(_)_ __  __ _ \ \ \ \
( ( )\___ | '_ | '_| | '_ \/ _` | \ \ \ \
 \\/  ___)| |_)| | | | | || (_| |  ) ) ) )
  '  |____| .__|_| |_|_| |_\__, | / / / /
 =========|_|==============|___/=/_/_/_/
 :: Spring Boot ::        (v2.1.7.RELEASE)

2022-03-28 02:06:16.396  INFO 50470 --- [    Test worker] o.ex.springboot.web.IndexControllerTest  : Starting IndexControllerTest on chanhos-MacBook-Pro.local with PID 50470 (started by chanhokim in /Users/chanhokim/myFiles/projects/ex)
2022-03-28 02:06:16.397  INFO 50470 --- [    Test worker] o.ex.springboot.web.IndexControllerTest  : No active profile set, falling back to default profiles: default
2022-03-28 02:06:17.298  INFO 50470 --- [    Test worker] .s.d.r.c.RepositoryConfigurationDelegate : Bootstrapping Spring Data repositories in DEFAULT mode.
2022-03-28 02:06:17.393  INFO 50470 --- [    Test worker] .s.d.r.c.RepositoryConfigurationDelegate : Finished Spring Data repository scanning in 87ms. Found 2 repository interfaces.
2022-03-28 02:06:17.920  INFO 50470 --- [    Test worker] trationDelegate$BeanPostProcessorChecker : Bean 'org.springframework.transaction.annotation.ProxyTransactionManagementConfiguration' of type [org.springframework.transaction.annotation.ProxyTransactionManagementConfiguration$$EnhancerBySpringCGLIB$$cdcf4cc3] is not eligible for getting processed by all BeanPostProcessors (for example: not eligible for auto-proxying)
2022-03-28 02:06:18.410  INFO 50470 --- [    Test worker] o.s.b.w.embedded.tomcat.TomcatWebServer  : Tomcat initialized with port(s): 0 (http)
2022-03-28 02:06:18.451  INFO 50470 --- [    Test worker] o.apache.catalina.core.StandardService   : Starting service [Tomcat]
2022-03-28 02:06:18.452  INFO 50470 --- [    Test worker] org.apache.catalina.core.StandardEngine  : Starting Servlet engine: [Apache Tomcat/9.0.22]
2022-03-28 02:06:18.616  INFO 50470 --- [    Test worker] o.a.c.c.C.[Tomcat].[localhost].[/]       : Initializing Spring embedded WebApplicationContext
2022-03-28 02:06:18.618  INFO 50470 --- [    Test worker] o.s.web.context.ContextLoader            : Root WebApplicationContext: initialization completed in 2219 ms
2022-03-28 02:06:18.946  INFO 50470 --- [    Test worker] com.zaxxer.hikari.HikariDataSource       : HikariPool-1 - Starting...
2022-03-28 02:06:19.088  INFO 50470 --- [    Test worker] com.zaxxer.hikari.HikariDataSource       : HikariPool-1 - Start completed.
2022-03-28 02:06:19.340  INFO 50470 --- [    Test worker] o.hibernate.jpa.internal.util.LogHelper  : HHH000204: Processing PersistenceUnitInfo [
	name: default
	...]
2022-03-28 02:06:19.407  INFO 50470 --- [    Test worker] org.hibernate.Version                    : HHH000412: Hibernate Core {5.3.10.Final}
2022-03-28 02:06:19.411  INFO 50470 --- [    Test worker] org.hibernate.cfg.Environment            : HHH000206: hibernate.properties not found
2022-03-28 02:06:19.461  INFO 50470 --- [    Test worker] o.hibernate.annotations.common.Version   : HCANN000001: Hibernate Commons Annotations {5.0.4.Final}
2022-03-28 02:06:19.590  INFO 50470 --- [    Test worker] org.hibernate.dialect.Dialect            : HHH000400: Using dialect: org.hibernate.dialect.MySQL5InnoDBDialect
Hibernate: drop table if exists posts
Hibernate: drop table if exists user
Hibernate: create table posts (id bigint not null auto_increment, created_date datetime, modified_date datetime, author varchar(255), content TEXT not null, title varchar(500) not null, primary key (id)) engine=InnoDB
Hibernate: create table user (id bigint not null auto_increment, created_date datetime, modified_date datetime, email varchar(255) not null, name varchar(255) not null, picture varchar(255), role varchar(255) not null, primary key (id)) engine=InnoDB
2022-03-28 02:06:20.444  INFO 50470 --- [    Test worker] o.h.t.schema.internal.SchemaCreatorImpl  : HHH000476: Executing import script 'org.hibernate.tool.schema.internal.exec.ScriptSourceInputNonExistentImpl@b4ac414'
2022-03-28 02:06:20.448  INFO 50470 --- [    Test worker] j.LocalContainerEntityManagerFactoryBean : Initialized JPA EntityManagerFactory for persistence unit 'default'
2022-03-28 02:06:21.428  INFO 50470 --- [    Test worker] o.h.h.i.QueryTranslatorFactoryInitiator  : HHH000397: Using ASTQueryTranslatorFactory
2022-03-28 02:06:21.936  INFO 50470 --- [    Test worker] o.s.s.web.DefaultSecurityFilterChain     : Creating filter chain: any request, [org.springframework.security.web.context.request.async.WebAsyncManagerIntegrationFilter@6dd64560, org.springframework.security.web.context.SecurityContextPersistenceFilter@72693c63, org.springframework.security.web.header.HeaderWriterFilter@5aeb3158, org.springframework.security.web.authentication.logout.LogoutFilter@191858ee, org.springframework.security.oauth2.client.web.OAuth2AuthorizationRequestRedirectFilter@7c51af16, org.springframework.security.oauth2.client.web.OAuth2LoginAuthenticationFilter@5dc937c9, org.springframework.security.web.authentication.ui.DefaultLoginPageGeneratingFilter@22a9e2fc, org.springframework.security.web.authentication.ui.DefaultLogoutPageGeneratingFilter@66478f80, org.springframework.security.web.savedrequest.RequestCacheAwareFilter@25e64d25, org.springframework.security.web.servletapi.SecurityContextHolderAwareRequestFilter@2604c930, org.springframework.security.web.authentication.AnonymousAuthenticationFilter@72a48bfe, org.springframework.security.web.session.SessionManagementFilter@4e99560a, org.springframework.security.web.access.ExceptionTranslationFilter@5d61472c, org.springframework.security.web.access.intercept.FilterSecurityInterceptor@16d9e88a]
2022-03-28 02:06:22.313  INFO 50470 --- [    Test worker] o.s.s.concurrent.ThreadPoolTaskExecutor  : Initializing ExecutorService 'applicationTaskExecutor'
2022-03-28 02:06:22.359  WARN 50470 --- [    Test worker] aWebConfiguration$JpaWebMvcConfiguration : spring.jpa.open-in-view is enabled by default. Therefore, database queries may be performed during view rendering. Explicitly configure spring.jpa.open-in-view to disable this warning
2022-03-28 02:06:22.432  INFO 50470 --- [    Test worker] o.s.b.a.w.s.WelcomePageHandlerMapping    : Adding welcome page template: index
2022-03-28 02:06:22.886  INFO 50470 --- [    Test worker] s.a.ScheduledAnnotationBeanPostProcessor : No TaskScheduler/ScheduledExecutorService bean found for scheduled processing
2022-03-28 02:06:22.912  INFO 50470 --- [    Test worker] o.s.b.w.embedded.tomcat.TomcatWebServer  : Tomcat started on port(s): 57481 (http) with context path ''
2022-03-28 02:06:22.914  INFO 50470 --- [    Test worker] o.ex.springboot.web.IndexControllerTest  : Started IndexControllerTest in 6.557 seconds (JVM running for 12.483)
2022-03-28 02:06:23.029  INFO 50470 --- [o-auto-1-exec-1] o.a.c.c.C.[Tomcat].[localhost].[/]       : Initializing Spring DispatcherServlet 'dispatcherServlet'
2022-03-28 02:06:23.031  INFO 50470 --- [o-auto-1-exec-1] o.s.web.servlet.DispatcherServlet        : Initializing Servlet 'dispatcherServlet'
2022-03-28 02:06:23.086  INFO 50470 --- [o-auto-1-exec-1] o.s.web.servlet.DispatcherServlet        : Completed initialization in 53 ms
Hibernate: select posts0_.id as id1_0_, posts0_.created_date as created_2_0_, posts0_.modified_date as modified3_0_, posts0_.author as author4_0_, posts0_.content as content5_0_, posts0_.title as title6_0_ from posts posts0_ order by posts0_.id DESC
]]></system-out>
  <system-err><![CDATA[]]></system-err>
</testsuite>
